VisionPark/android/capacitor-cordova-android-plugins/build/intermediates/manifest_merge_blame_file/debug/processDebugManifest/manifest-merger-blame-debug-report.txt
1<?xml version="1.0" encoding="utf-8"?>
2<manifest xmlns:amazon="http://schemas.amazon.com/apk/res/android"
3    xmlns:android="http://schemas.android.com/apk/res/android"
4    package="capacitor.cordova.android.plugins" >
5
6    <uses-sdk android:minSdkVersion="24" />
7
8    <uses-permission android:name="android.permission.NFC" />
8-->src\main\AndroidManifest.xml:7:1-57
8-->src\main\AndroidManifest.xml:7:18-55
9
10    <uses-feature
10-->src\main\AndroidManifest.xml:8:1-77
11        android:name="android.hardware.nfc"
11-->src\main\AndroidManifest.xml:8:15-50
12        android:required="false" />
12-->src\main\AndroidManifest.xml:8:51-75
13
14    <application android:usesCleartextTraffic="true" >
14-->src\main\AndroidManifest.xml:4:1-6:15
14-->src\main\AndroidManifest.xml:4:15-50
15    </application>
16
17</manifest>